<?xml version="1.0" encoding="UTF-8"?>
<!-- Generated by org.testng.reporters.JUnitReportReporter -->
<testsuite hostname="DESKTOP-Q9VGQR4" failures="0" tests="4" name="stud.pra.practice.Run4set" time="0.035" errors="0" timestamp="2023-05-23T22:03:11 IST" skipped="0">
  <testcase classname="stud.pra.practice.Run4set" name="create" time="0.003"/>
  <system-out/>
  <testcase classname="stud.pra.practice.Run4set" name="create" time="0.002"/>
  <system-out/>
  <testcase classname="stud.pra.practice.Run4set" name="create" time="0.005"/>
  <system-out/>
  <testcase classname="stud.pra.practice.Run4set" name="create" time="0.025"/>
  <system-out/>
</testsuite> <!-- stud.pra.practice.Run4set -->
