<?xml version="1.0" encoding="UTF-8"?>
<!-- Generated by org.testng.reporters.JUnitReportReporter -->
<testsuite hostname="DESKTOP-Q9VGQR4" failures="0" tests="3" name="stud.pra.practice.Sample" time="0.022" errors="0" timestamp="2023-05-23T17:13:16 IST" skipped="1">
  <testcase classname="stud.pra.practice.Sample" name="Aelete" time="0.020"/>
  <system-out/>
  <testcase classname="stud.pra.practice.Sample" name="apdate" time="0.002"/>
  <system-out/>
  <testcase classname="stud.pra.practice.Sample" name="Create">
    <skipped/>
  </testcase> <!-- Create -->
  <system-out/>
</testsuite> <!-- stud.pra.practice.Sample -->
