<?xml version="1.0" encoding="UTF-8"?>
<!-- Generated by org.testng.reporters.JUnitReportReporter -->
<testsuite hostname="DESKTOP-Q9VGQR4" failures="0" tests="5" name="stud.pra.practice.Run5set" time="0.063" errors="0" timestamp="2023-05-24T10:17:51 IST" skipped="0">
  <testcase classname="stud.pra.practice.Run5set" name="run" time="0.004"/>
  <system-out/>
  <testcase classname="stud.pra.practice.Run5set" name="run" time="0.003"/>
  <system-out/>
  <testcase classname="stud.pra.practice.Run5set" name="run" time="0.003"/>
  <system-out/>
  <testcase classname="stud.pra.practice.Run5set" name="run" time="0.004"/>
  <system-out/>
  <testcase classname="stud.pra.practice.Run5set" name="run" time="0.049"/>
  <system-out/>
</testsuite> <!-- stud.pra.practice.Run5set -->
