<?xml version="1.0" encoding="UTF-8"?>
<!-- Generated by org.testng.reporters.JUnitReportReporter -->
<testsuite hostname="DESKTOP-Q9VGQR4" failures="0" tests="3" name="stud.pra.practice.Run" time="0.027" errors="0" timestamp="2023-05-23T21:58:39 IST" skipped="0">
  <testcase classname="stud.pra.practice.Run" name="create" time="0.002"/>
  <system-out/>
  <testcase classname="stud.pra.practice.Run" name="create" time="0.004"/>
  <system-out/>
  <testcase classname="stud.pra.practice.Run" name="create" time="0.021"/>
  <system-out/>
</testsuite> <!-- stud.pra.practice.Run -->
