<?xml version="1.0" encoding="UTF-8"?>
<!-- Generated by org.testng.reporters.JUnitReportReporter -->
<testsuite hostname="DESKTOP-Q9VGQR4" failures="0" tests="3" name="stud.pra.practice.test3set" time="0.033" errors="0" timestamp="2023-05-23T22:12:59 IST" skipped="0">
  <testcase classname="stud.pra.practice.test3set" name="create" time="0.003"/>
  <system-out/>
  <testcase classname="stud.pra.practice.test3set" name="create" time="0.003"/>
  <system-out/>
  <testcase classname="stud.pra.practice.test3set" name="create" time="0.027"/>
  <system-out/>
</testsuite> <!-- stud.pra.practice.test3set -->
