<?xml version="1.0" encoding="UTF-8"?>
<!-- Generated by org.testng.reporters.JUnitReportReporter -->
<testsuite hostname="DESKTOP-Q9VGQR4" failures="0" tests="1" name="stud.pra.practice.Dataproviderexcel" time="0.000" errors="0" timestamp="2023-05-26T10:14:13 IST" skipped="1">
  <testcase classname="stud.pra.practice.Dataproviderexcel" name="get" time="0.000">
    <skipped/>
  </testcase> <!-- get -->
  <system-out/>
</testsuite> <!-- stud.pra.practice.Dataproviderexcel -->
