<?xml version="1.0" encoding="UTF-8"?>
<!-- Generated by org.testng.reporters.JUnitReportReporter -->
<testsuite hostname="DESKTOP-Q9VGQR4" failures="0" tests="4" name="stud.pra.practice.Groupss" time="0.036" errors="0" timestamp="2023-05-26T16:56:39 IST" skipped="0">
  <testcase classname="stud.pra.practice.Groupss" name="Add" time="0.002"/>
  <system-out/>
  <testcase classname="stud.pra.practice.Groupss" name="Bub" time="0.028"/>
  <system-out/>
  <testcase classname="stud.pra.practice.Groupss" name="Culti" time="0.001"/>
  <system-out/>
  <testcase classname="stud.pra.practice.Groupss" name="Division" time="0.005"/>
  <system-out/>
</testsuite> <!-- stud.pra.practice.Groupss -->
